0 info it worked if it ends with ok
1 verbose cli [ '/Users/AdityaNaag/.nvm/versions/node/v7.7.4/bin/node',
1 verbose cli   '/Users/AdityaNaag/.nvm/versions/node/v7.7.4/bin/npm',
1 verbose cli   'run',
1 verbose cli   'dev' ]
2 info using npm@4.1.2
3 info using node@v7.7.4
4 verbose run-script [ 'predev', 'dev', 'postdev' ]
5 info lifecycle @zoomcarindia/first-react@1.0.0~predev: @zoomcarindia/first-react@1.0.0
6 silly lifecycle @zoomcarindia/first-react@1.0.0~predev: no script for predev, continuing
7 info lifecycle @zoomcarindia/first-react@1.0.0~dev: @zoomcarindia/first-react@1.0.0
8 verbose lifecycle @zoomcarindia/first-react@1.0.0~dev: unsafe-perm in lifecycle true
9 verbose lifecycle @zoomcarindia/first-react@1.0.0~dev: PATH: /Users/AdityaNaag/.nvm/versions/node/v7.7.4/lib/node_modules/npm/bin/node-gyp-bin:/Users/AdityaNaag/projects/first-react/node_modules/.bin:/usr/local/go/bin:/usr/local/opt/mysql@5.6/bin:/Users/AdityaNaag/.nvm/versions/node/v7.7.4/bin:/Users/AdityaNaag/.rvm/gems/ruby-2.0.0-p648/bin:/Users/AdityaNaag/.rvm/gems/ruby-2.0.0-p648@global/bin:/Users/AdityaNaag/.rvm/rubies/ruby-2.0.0-p648/bin:/usr/local/bin:/usr/bin:/bin:/usr/sbin:/sbin:/usr/local/go/bin:/Users/AdityaNaag/.rvm/bin:/Users/AdityaNaag/.rvm/bin:/Users/AdityaNaag/Library/Android/sdk/tools:/Users/AdityaNaag/Library/Android/sdk/platform-tools
10 verbose lifecycle @zoomcarindia/first-react@1.0.0~dev: CWD: /Users/AdityaNaag/projects/first-react
11 silly lifecycle @zoomcarindia/first-react@1.0.0~dev: Args: [ '-c', 'webpack-dev-server --mode development' ]
12 silly lifecycle @zoomcarindia/first-react@1.0.0~dev: Returned: code: 1  signal: null
13 info lifecycle @zoomcarindia/first-react@1.0.0~dev: Failed to exec dev script
14 verbose stack Error: @zoomcarindia/first-react@1.0.0 dev: `webpack-dev-server --mode development`
14 verbose stack Exit status 1
14 verbose stack     at EventEmitter.<anonymous> (/Users/AdityaNaag/.nvm/versions/node/v7.7.4/lib/node_modules/npm/lib/utils/lifecycle.js:279:16)
14 verbose stack     at emitTwo (events.js:106:13)
14 verbose stack     at EventEmitter.emit (events.js:194:7)
14 verbose stack     at ChildProcess.<anonymous> (/Users/AdityaNaag/.nvm/versions/node/v7.7.4/lib/node_modules/npm/lib/utils/spawn.js:40:14)
14 verbose stack     at emitTwo (events.js:106:13)
14 verbose stack     at ChildProcess.emit (events.js:194:7)
14 verbose stack     at maybeClose (internal/child_process.js:899:16)
14 verbose stack     at Process.ChildProcess._handle.onexit (internal/child_process.js:226:5)
15 verbose pkgid @zoomcarindia/first-react@1.0.0
16 verbose cwd /Users/AdityaNaag/projects/first-react
17 error Darwin 17.4.0
18 error argv "/Users/AdityaNaag/.nvm/versions/node/v7.7.4/bin/node" "/Users/AdityaNaag/.nvm/versions/node/v7.7.4/bin/npm" "run" "dev"
19 error node v7.7.4
20 error npm  v4.1.2
21 error code ELIFECYCLE
22 error @zoomcarindia/first-react@1.0.0 dev: `webpack-dev-server --mode development`
22 error Exit status 1
23 error Failed at the @zoomcarindia/first-react@1.0.0 dev script 'webpack-dev-server --mode development'.
23 error Make sure you have the latest version of node.js and npm installed.
23 error If you do, this is most likely a problem with the @zoomcarindia/first-react package,
23 error not with npm itself.
23 error Tell the author that this fails on your system:
23 error     webpack-dev-server --mode development
23 error You can get information on how to open an issue for this project with:
23 error     npm bugs @zoomcarindia/first-react
23 error Or if that isn't available, you can get their info via:
23 error     npm owner ls @zoomcarindia/first-react
23 error There is likely additional logging output above.
24 verbose exit [ 1, true ]
